<?xml version="1.0" encoding="UTF-8"?>
<!-- Generated by org.testng.reporters.JUnitReportReporter -->
<testsuite hostname="admins-MacBook-Pro-2.local" failures="0" tests="3" name="testRunner_CT.TestRunner_CafeTownsend" time="34.359" errors="0" timestamp="14 Aug 2019 21:15:56 GMT" skipped="0">
  <testcase classname="testRunner_CT.TestRunner_CafeTownsend" name="feature" time="6.643"/>
  <testcase classname="testRunner_CT.TestRunner_CafeTownsend" name="feature" time="4.867"/>
  <testcase classname="testRunner_CT.TestRunner_CafeTownsend" name="feature" time="22.849"/>
</testsuite> <!-- testRunner_CT.TestRunner_CafeTownsend -->
