<?xml version="1.0" encoding="UTF-8"?>
<!-- Generated by org.testng.reporters.JUnitReportReporter -->
<testsuite hostname="admins-MacBook-Pro-2.local" failures="0" tests="1" name="common.TestRunner_CafeTownsend" time="7.219" errors="0" timestamp="13 Aug 2019 23:29:43 GMT" skipped="0">
  <testcase classname="common.TestRunner_CafeTownsend" name="feature" time="7.219"/>
</testsuite> <!-- common.TestRunner_CafeTownsend -->
